Using pre-set license
Built from '2020.3/staging' branch; Version is '2020.3.19f1 (68f137dc9bbe) revision 6877495'; Using compiler version '192528614'; Build Type 'Release'
OS: 'Windows 10 Home; OS build 22000.318; Version 2009; 64bit' Language: 'fr' Physical Memory: 16106 MB
BatchMode: 1, IsHumanControllingUs: 0, StartBugReporterOnCrash: 0, Is64bit: 1, IsPro: 0

COMMAND LINE ARGUMENTS:
C:\Program Files\Unity\Hub\Editor\2020.3.19f1\Editor\Unity.exe
-adb2
-batchMode
-noUpm
-name
AssetImportWorker0
-projectPath
C:/Users/nicol/Desktop/Projets/ESGI/Wave Function Collapse/WFC-Unity-Example-master tiles 3D
-logFile
Logs/AssetImportWorker0.log
-srvPort
58362
Successfully changed project path to: C:/Users/nicol/Desktop/Projets/ESGI/Wave Function Collapse/WFC-Unity-Example-master tiles 3D
C:/Users/nicol/Desktop/Projets/ESGI/Wave Function Collapse/WFC-Unity-Example-master tiles 3D
Using Asset Import Pipeline V2.
Refreshing native plugins compatible for Editor in 38.62 ms, found 2 plugins.
Preloading 0 native plugins for Editor in 0.00 ms.
Initialize engine version: 2020.3.19f1 (68f137dc9bbe)
[Subsystems] Discovering subsystems at path C:/Program Files/Unity/Hub/Editor/2020.3.19f1/Editor/Data/Resources/UnitySubsystems
[Subsystems] Discovering subsystems at path C:/Users/nicol/Desktop/Projets/ESGI/Wave Function Collapse/WFC-Unity-Example-master tiles 3D/Assets
GfxDevice: creating device client; threaded=0
Direct3D:
    Version:  Direct3D 11.0 [level 11.1]
    Renderer: Intel(R) Iris(R) Xe Graphics (ID=0x9a49)
    Vendor:   
    VRAM:     8053 MB
    Driver:   27.20.100.9365
Initialize mono
Mono path[0] = 'C:/Program Files/Unity/Hub/Editor/2020.3.19f1/Editor/Data/Managed'
Mono path[1] = 'C:/Program Files/Unity/Hub/Editor/2020.3.19f1/Editor/Data/MonoBleedingEdge/lib/mono/unityjit'
Mono config path = 'C:/Program Files/Unity/Hub/Editor/2020.3.19f1/Editor/Data/MonoBleedingEdge/etc'
Using monoOptions --debugger-agent=transport=dt_socket,embedding=1,server=y,suspend=n,address=127.0.0.1:56076
Begin MonoManager ReloadAssembly
Registering precompiled unity dll's ...
Register platform support module: C:/Program Files/Unity/Hub/Editor/2020.3.19f1/Editor/Data/PlaybackEngines/WindowsStandaloneSupport/UnityEditor.WindowsStandalone.Extensions.dll
Registered in 0.001943 seconds.
Native extension for WindowsStandalone target not found
Refreshing native plugins compatible for Editor in 35.89 ms, found 2 plugins.
Preloading 0 native plugins for Editor in 0.00 ms.
Mono: successfully reloaded assembly
- Completed reload, in  1.341 seconds
Domain Reload Profiling:
	ReloadAssembly (1341ms)
		BeginReloadAssembly (53ms)
			ExecutionOrderSort (0ms)
			DisableScriptedObjects (0ms)
			BackupInstance (0ms)
			ReleaseScriptingObjects (0ms)
			CreateAndSetChildDomain (1ms)
		EndReloadAssembly (366ms)
			LoadAssemblies (49ms)
			RebuildTransferFunctionScriptingTraits (0ms)
			SetupTypeCache (149ms)
			ReleaseScriptCaches (0ms)
			RebuildScriptCaches (22ms)
			SetupLoadedEditorAssemblies (139ms)
				LogAssemblyErrors (0ms)
				InitializePlatformSupportModulesInManaged (4ms)
				SetLoadedEditorAssemblies (0ms)
				RefreshPlugins (36ms)
				BeforeProcessingInitializeOnLoad (10ms)
				ProcessInitializeOnLoadAttributes (61ms)
				ProcessInitializeOnLoadMethodAttributes (27ms)
				AfterProcessingInitializeOnLoad (0ms)
				EditorAssembliesLoaded (0ms)
			ExecutionOrderSort2 (0ms)
			AwakeInstancesAfterBackupRestoration (0ms)
Platform modules already initialized, skipping
Registering precompiled user dll's ...
Registered in 0.010178 seconds.
Begin MonoManager ReloadAssembly
Native extension for WindowsStandalone target not found
Refreshing native plugins compatible for Editor in 0.37 ms, found 2 plugins.
Preloading 0 native plugins for Editor in 0.00 ms.
Mono: successfully reloaded assembly
- Completed reload, in  0.887 seconds
Domain Reload Profiling:
	ReloadAssembly (888ms)
		BeginReloadAssembly (113ms)
			ExecutionOrderSort (0ms)
			DisableScriptedObjects (3ms)
			BackupInstance (0ms)
			ReleaseScriptingObjects (0ms)
			CreateAndSetChildDomain (17ms)
		EndReloadAssembly (716ms)
			LoadAssemblies (80ms)
			RebuildTransferFunctionScriptingTraits (0ms)
			SetupTypeCache (264ms)
			ReleaseScriptCaches (0ms)
			RebuildScriptCaches (36ms)
			SetupLoadedEditorAssemblies (264ms)
				LogAssemblyErrors (0ms)
				InitializePlatformSupportModulesInManaged (4ms)
				SetLoadedEditorAssemblies (0ms)
				RefreshPlugins (0ms)
				BeforeProcessingInitializeOnLoad (67ms)
				ProcessInitializeOnLoadAttributes (179ms)
				ProcessInitializeOnLoadMethodAttributes (7ms)
				AfterProcessingInitializeOnLoad (7ms)
				EditorAssembliesLoaded (0ms)
			ExecutionOrderSort2 (0ms)
			AwakeInstancesAfterBackupRestoration (5ms)
Platform modules already initialized, skipping
========================================================================
Worker process is ready to serve import requests
Launched and connected shader compiler UnityShaderCompiler.exe after 0.04 seconds
Refreshing native plugins compatible for Editor in 0.32 ms, found 2 plugins.
Preloading 0 native plugins for Editor in 0.00 ms.
Unloading 1559 Unused Serialized files (Serialized files now loaded: 0)
System memory in use before: 69.8 MB.
System memory in use after: 69.8 MB.

Unloading 32 unused Assets to reduce memory usage. Loaded Objects now: 2013.
Total: 2.344400 ms (FindLiveObjects: 0.135700 ms CreateObjectMapping: 0.034900 ms MarkObjects: 2.087700 ms  DeleteObjects: 0.084400 ms)

AssetImportParameters requested are different than current active one (requested -> active):
  custom:framework-win-MediaFoundation: 216162199b28c13a410421893ffa2e32 -> 
  custom:video-decoder-ogg-theora: a1e56fd34408186e4bbccfd4996cb3dc -> 
  custom:container-muxer-webm: aa71ff27fc2769a1b78a27578f13a17b -> 
  custom:container-demuxer-webm: 4f35f7cbe854078d1ac9338744f61a02 -> 
  custom:container-demuxer-ogg: 62fdf1f143b41e24485cea50d1cbac27 -> 
  custom:video-encoder-webm-vp8: eb34c28f22e8b96e1ab97ce403110664 -> 
  custom:video-codec-MediaFoundation-h265: 746d11721c4dcdbdad8f713fa42b33f4 -> 
  custom:video-decoder-webm-vp8: 9c59270c3fd7afecdb556c50c9e8de78 -> 
  custom:audio-decoder-ogg-vorbis: bf7c407c2cedff20999df2af8eb42d56 -> 
  custom:audio-encoder-webm-vorbis: bf7c407c2cedff20999df2af8eb42d56 -> 
========================================================================
Received Import Request.
  path: Assets/Tessera/Sample/Castle/Models/Corner.fbx
  artifactKey: Guid(cd5d3d059aa06cf46bef11f101fe9795) Importer(815301076,1909f56bfc062723c751e8b465ee728b)
Start importing Assets/Tessera/Sample/Castle/Models/Corner.fbx using Guid(cd5d3d059aa06cf46bef11f101fe9795) Importer(815301076,1909f56bfc062723c751e8b465ee728b)  -> (artifact id: 'f0f7b4ca4c21b30d558bdf875fa3c5c8') in 0.153411 seconds 
  Import took 0.156865 seconds .

========================================================================
Received Import Request.
  Time since last request: 2.074589 seconds.
  path: Assets/Tessera/Sample/Castle/Models/CornerTop.fbx
  artifactKey: Guid(42f30ede623e47b4e9f38b0718f6cd4a) Importer(815301076,1909f56bfc062723c751e8b465ee728b)
Start importing Assets/Tessera/Sample/Castle/Models/CornerTop.fbx using Guid(42f30ede623e47b4e9f38b0718f6cd4a) Importer(815301076,1909f56bfc062723c751e8b465ee728b)  -> (artifact id: '4683b4d09ce9f659dc6e87bec50dc400') in 0.022844 seconds 
  Import took 0.024917 seconds .

========================================================================
Received Import Request.
  Time since last request: 4.955673 seconds.
  path: Assets/Tessera/Sample/Castle/Models/InnerCorner.fbx
  artifactKey: Guid(a1ff81459abd35840ad54c753009cb2d) Importer(815301076,1909f56bfc062723c751e8b465ee728b)
Start importing Assets/Tessera/Sample/Castle/Models/InnerCorner.fbx using Guid(a1ff81459abd35840ad54c753009cb2d) Importer(815301076,1909f56bfc062723c751e8b465ee728b)  -> (artifact id: '31875d541ffd8f817c18bbdc3ba29961') in 0.020607 seconds 
  Import took 0.024729 seconds .

========================================================================
Received Import Request.
  Time since last request: 4.664836 seconds.
  path: Assets/Tessera/Sample/Castle/Models/InnerCornerHalfTop.fbx
  artifactKey: Guid(c46f2fd8165f54346b95f2b116bc7825) Importer(815301076,1909f56bfc062723c751e8b465ee728b)
Start importing Assets/Tessera/Sample/Castle/Models/InnerCornerHalfTop.fbx using Guid(c46f2fd8165f54346b95f2b116bc7825) Importer(815301076,1909f56bfc062723c751e8b465ee728b)  -> (artifact id: 'acfd51771199fce7162fadc8800f6c7e') in 0.022080 seconds 
  Import took 0.025776 seconds .

========================================================================
Received Import Request.
  Time since last request: 4.816933 seconds.
  path: Assets/Tessera/Sample/Castle/Models/InnerCornerTop.fbx
  artifactKey: Guid(da2a6ff0d70b9c547a4acb8b382f8d10) Importer(815301076,1909f56bfc062723c751e8b465ee728b)
Start importing Assets/Tessera/Sample/Castle/Models/InnerCornerTop.fbx using Guid(da2a6ff0d70b9c547a4acb8b382f8d10) Importer(815301076,1909f56bfc062723c751e8b465ee728b)  -> (artifact id: '9748545168cdaf2f0a70d68e5598982d') in 0.024821 seconds 
  Import took 0.028009 seconds .

========================================================================
Received Import Request.
  Time since last request: 6.613812 seconds.
  path: Assets/Tessera/Sample/Castle/Models/Ramp.fbx
  artifactKey: Guid(3b1c14462bfcccc43851b3d267038640) Importer(815301076,1909f56bfc062723c751e8b465ee728b)
Start importing Assets/Tessera/Sample/Castle/Models/Ramp.fbx using Guid(3b1c14462bfcccc43851b3d267038640) Importer(815301076,1909f56bfc062723c751e8b465ee728b)  -> (artifact id: '110875286a85829dd00180aef4b55340') in 0.032215 seconds 
  Import took 0.035725 seconds .

========================================================================
Received Import Request.
  Time since last request: 5.171462 seconds.
  path: Assets/Tessera/Sample/Castle/Models/Top.fbx
  artifactKey: Guid(210010915aeeccd479f953d8a57d7a9d) Importer(815301076,1909f56bfc062723c751e8b465ee728b)
Start importing Assets/Tessera/Sample/Castle/Models/Top.fbx using Guid(210010915aeeccd479f953d8a57d7a9d) Importer(815301076,1909f56bfc062723c751e8b465ee728b)  -> (artifact id: '9f42087f8ce518504e5c8b7e484b9b34') in 0.024672 seconds 
  Import took 0.027340 seconds .

========================================================================
Received Import Request.
  Time since last request: 4.472403 seconds.
  path: Assets/Tessera/Sample/Castle/Models/TopCorner.fbx
  artifactKey: Guid(a3ab4d09aeed0a24b818e03ab1dffcc4) Importer(815301076,1909f56bfc062723c751e8b465ee728b)
Start importing Assets/Tessera/Sample/Castle/Models/TopCorner.fbx using Guid(a3ab4d09aeed0a24b818e03ab1dffcc4) Importer(815301076,1909f56bfc062723c751e8b465ee728b)  -> (artifact id: 'e27314a845ee221f9b9201ee2516999a') in 0.021571 seconds 
  Import took 0.024133 seconds .

========================================================================
Received Import Request.
  Time since last request: 3.723110 seconds.
  path: Assets/Tessera/Sample/Castle/Models/TopInnerCorner.fbx
  artifactKey: Guid(39f5cb9f77a8d4f4f95c1d6fd4711967) Importer(815301076,1909f56bfc062723c751e8b465ee728b)
Start importing Assets/Tessera/Sample/Castle/Models/TopInnerCorner.fbx using Guid(39f5cb9f77a8d4f4f95c1d6fd4711967) Importer(815301076,1909f56bfc062723c751e8b465ee728b)  -> (artifact id: 'a3c24e0039637386617758bc306ee053') in 0.023696 seconds 
  Import took 0.026290 seconds .

========================================================================
Received Import Request.
  Time since last request: 11.630329 seconds.
  path: Assets/Tessera/Sample/Castle/Models/TopWall.fbx
  artifactKey: Guid(c659c22dea7bf064c8cf016c0ac23e70) Importer(815301076,1909f56bfc062723c751e8b465ee728b)
Start importing Assets/Tessera/Sample/Castle/Models/TopWall.fbx using Guid(c659c22dea7bf064c8cf016c0ac23e70) Importer(815301076,1909f56bfc062723c751e8b465ee728b)  -> (artifact id: 'bc48d57349baa9a850348f88515a3fc4') in 0.020715 seconds 
  Import took 0.023400 seconds .

========================================================================
Received Import Request.
  Time since last request: 4.000881 seconds.
  path: Assets/Tessera/Sample/Castle/Models/Tower.fbx
  artifactKey: Guid(1720045d0a2d57348afa4ed584150d79) Importer(815301076,1909f56bfc062723c751e8b465ee728b)
Start importing Assets/Tessera/Sample/Castle/Models/Tower.fbx using Guid(1720045d0a2d57348afa4ed584150d79) Importer(815301076,1909f56bfc062723c751e8b465ee728b)  -> (artifact id: 'a04564b3c9137a8afda4eb4007fe92d0') in 0.023839 seconds 
  Import took 0.028397 seconds .

========================================================================
Received Import Request.
  Time since last request: 7.092527 seconds.
  path: Assets/Tessera/Sample/Castle/Models/Wall.fbx
  artifactKey: Guid(86b938ae25ddb774a9f729865acd1e0f) Importer(815301076,1909f56bfc062723c751e8b465ee728b)
Start importing Assets/Tessera/Sample/Castle/Models/Wall.fbx using Guid(86b938ae25ddb774a9f729865acd1e0f) Importer(815301076,1909f56bfc062723c751e8b465ee728b)  -> (artifact id: '1a540956d982b615e83f4158b5609e1b') in 0.027355 seconds 
  Import took 0.029993 seconds .

========================================================================
Received Import Request.
  Time since last request: 4.004219 seconds.
  path: Assets/Tessera/Sample/Castle/Models/WallHalfTop.fbx
  artifactKey: Guid(5e333ae6c1b7f2245ad6f112e4020cb9) Importer(815301076,1909f56bfc062723c751e8b465ee728b)
Start importing Assets/Tessera/Sample/Castle/Models/WallHalfTop.fbx using Guid(5e333ae6c1b7f2245ad6f112e4020cb9) Importer(815301076,1909f56bfc062723c751e8b465ee728b)  -> (artifact id: '8ae0b35dfa4e3381f80b3ca41af2dec7') in 0.024919 seconds 
  Import took 0.027518 seconds .

========================================================================
Received Import Request.
  Time since last request: 9.941590 seconds.
  path: Assets/Tessera/Sample/Castle/Models/WallTop.fbx
  artifactKey: Guid(4bb8f332d18a1af4bb4fdaab02f5490b) Importer(815301076,1909f56bfc062723c751e8b465ee728b)
Start importing Assets/Tessera/Sample/Castle/Models/WallTop.fbx using Guid(4bb8f332d18a1af4bb4fdaab02f5490b) Importer(815301076,1909f56bfc062723c751e8b465ee728b)  -> (artifact id: '49ad358d52af02c4422fff738ec3f447') in 0.018525 seconds 
  Import took 0.020721 seconds .

========================================================================
Received Import Request.
  Time since last request: 4.027909 seconds.
  path: Assets/Tessera/Sample/Castle/Models/WallWithWindow.fbx
  artifactKey: Guid(6f785f394bff561468b893a6f8884d9d) Importer(815301076,1909f56bfc062723c751e8b465ee728b)
Start importing Assets/Tessera/Sample/Castle/Models/WallWithWindow.fbx using Guid(6f785f394bff561468b893a6f8884d9d) Importer(815301076,1909f56bfc062723c751e8b465ee728b)  -> (artifact id: '429cddaa0d54bf59618b9bec1031297a') in 0.028520 seconds 
  Import took 0.031034 seconds .

========================================================================
Received Import Request.
  Time since last request: 10.756638 seconds.
  path: Assets/Tessera/Sample/Dungeon/Models/prop_floor_barrel.obj
  artifactKey: Guid(de73b28bf778f6f41b88bb4ab97d6959) Importer(815301076,1909f56bfc062723c751e8b465ee728b)
Start importing Assets/Tessera/Sample/Dungeon/Models/prop_floor_barrel.obj using Guid(de73b28bf778f6f41b88bb4ab97d6959) Importer(815301076,1909f56bfc062723c751e8b465ee728b)  -> (artifact id: '9971c19212d9d7c4beda293c1623a311') in 0.037336 seconds 
  Import took 0.040040 seconds .

